<?xml version="1.0" encoding="UTF-8"?>
<coverage generated="1518597535674" clover="3.2.0">
  <project timestamp="1518597535674" name="All files">
    <metrics statements="7" coveredstatements="7" conditionals="4" coveredconditionals="3" methods="1" coveredmethods="1" elements="12" coveredelements="11" complexity="0" loc="7" ncloc="7" packages="2" files="2" classes="2">
      <package name="actions">
        <metrics statements="2" coveredstatements="2" conditionals="0" coveredconditionals="0" methods="0" coveredmethods="0"/>
        <file name="ActionTypes.js" path="C:\Users\vitaliia.gamar\learning\react-redux-from-scratch\src\actions\ActionTypes.js">
          <metrics statements="2" coveredstatements="2" conditionals="0" coveredconditionals="0" methods="0" coveredmethods="0"/>
          <line num="1" count="1" type="stmt"/>
          <line num="2" count="1" type="stmt"/>
        </file>
      </package>
      <package name="reducers">
        <metrics statements="5" coveredstatements="5" conditionals="4" coveredconditionals="3" methods="1" coveredmethods="1"/>
        <file name="counterReducer.js" path="C:\Users\vitaliia.gamar\learning\react-redux-from-scratch\src\reducers\counterReducer.js">
          <metrics statements="5" coveredstatements="5" conditionals="4" coveredconditionals="3" methods="1" coveredmethods="1"/>
          <line num="3" count="1" type="cond" truecount="0" falsecount="1"/>
          <line num="4" count="3" type="cond" truecount="3" falsecount="0"/>
          <line num="6" count="1" type="stmt"/>
          <line num="8" count="1" type="stmt"/>
          <line num="10" count="1" type="stmt"/>
        </file>
      </package>
    </metrics>
  </project>
</coverage>
