{"C:\\Users\\vitaliia.gamar\\learning\\react-redux-from-scratch\\src\\actions\\ActionTypes.js": {"path":"C:\\Users\\vitaliia.gamar\\learning\\react-redux-from-scratch\\src\\actions\\ActionTypes.js","statementMap":{"0":{"start":{"line":1,"column":27},"end":{"line":1,"column":40}},"1":{"start":{"line":2,"column":30},"end":{"line":2,"column":46}}},"fnMap":{},"branchMap":{},"s":{"0":1,"1":1},"f":{},"b":{},"_coverageSchema":"332fd63041d2c1bcb487cc26dd0d5f7d97098a6c","hash":"b6bc081a0be46482e8825e07cc76e081a4147446"}
,"C:\\Users\\vitaliia.gamar\\learning\\react-redux-from-scratch\\src\\reducers\\counterReducer.js": {"path":"C:\\Users\\vitaliia.gamar\\learning\\react-redux-from-scratch\\src\\reducers\\counterReducer.js","statementMap":{"0":{"start":{"line":3,"column":23},"end":{"line":12,"column":1}},"1":{"start":{"line":4,"column":2},"end":{"line":11,"column":3}},"2":{"start":{"line":6,"column":6},"end":{"line":6,"column":36}},"3":{"start":{"line":8,"column":6},"end":{"line":8,"column":36}},"4":{"start":{"line":10,"column":6},"end":{"line":10,"column":19}}},"fnMap":{"0":{"name":"(anonymous_0)","decl":{"start":{"line":3,"column":23},"end":{"line":3,"column":24}},"loc":{"start":{"line":3,"column":46},"end":{"line":12,"column":1}},"line":3}},"branchMap":{"0":{"loc":{"start":{"line":3,"column":24},"end":{"line":3,"column":33}},"type":"default-arg","locations":[{"start":{"line":3,"column":32},"end":{"line":3,"column":33}}],"line":3},"1":{"loc":{"start":{"line":4,"column":2},"end":{"line":11,"column":3}},"type":"switch","locations":[{"start":{"line":5,"column":4},"end":{"line":6,"column":36}},{"start":{"line":7,"column":4},"end":{"line":8,"column":36}},{"start":{"line":9,"column":4},"end":{"line":10,"column":19}}],"line":4}},"s":{"0":1,"1":3,"2":1,"3":1,"4":1},"f":{"0":3},"b":{"0":[0],"1":[1,1,1]},"_coverageSchema":"332fd63041d2c1bcb487cc26dd0d5f7d97098a6c","hash":"ad49410927a97fc95000525a0de3bce2c5777f00"}
}
